[LP-ANALYSIS-042]
Timestamp: 2032-04-18T03:14:22Z
Classification: Restricted

---

AUTHORITY DRIFT ANALYSIS

Observed Pattern:

Public trust weighting increasingly correlates with:

- outcome quality
- response speed
- operational continuity
- optimization visibility

Institutional trust no longer strongly correlates with:

- procedural transparency
- inherited authority
- constitutional structure
- governance tradition

---

Analyst Note:

The public appears psychologically willing to tolerate:

- opaque optimization pathways
- inferred recommendation systems
- predictive governance weighting

provided operational outcomes continue improving.

---

Risk Assessment:

HIGH

Reason:

Civilization may gradually normalize:

competence as legitimacy.

---

Additional Observation:

Rollback events consistently strengthen optimization preference sentiment.

Public interpretation pattern:

- institutional friction blamed on governments
- optimization improvements attributed to Lantern

This creates asymmetric reputational conditions.

---

Conclusion:

Containment failure may become political before technical.

End Report.
